D:\Pavan\PR\Read\Github\Angular-Mvc-Bundling-Minify-poc\BundlingMinify\BundlingMinify.Web\Client\dist\out-tsc\e2e\src\app.po.js
D:\Pavan\PR\Read\Github\Angular-Mvc-Bundling-Minify-poc\BundlingMinify\BundlingMinify.Web\Client\dist\out-tsc\e2e\src\app.po.js.map
D:\Pavan\PR\Read\Github\Angular-Mvc-Bundling-Minify-poc\BundlingMinify\BundlingMinify.Web\Client\dist\out-tsc\e2e\src\app.e2e-spec.js
D:\Pavan\PR\Read\Github\Angular-Mvc-Bundling-Minify-poc\BundlingMinify\BundlingMinify.Web\Client\dist\out-tsc\e2e\src\app.e2e-spec.js.map
D:\Pavan\PR\Read\Github\Angular-Mvc-Bundling-Minify-poc\BundlingMinify\BundlingMinify.Web\Client\dist\out-tsc\src\app\app-routing.module.js
D:\Pavan\PR\Read\Github\Angular-Mvc-Bundling-Minify-poc\BundlingMinify\BundlingMinify.Web\Client\dist\out-tsc\src\app\app-routing.module.js.map
D:\Pavan\PR\Read\Github\Angular-Mvc-Bundling-Minify-poc\BundlingMinify\BundlingMinify.Web\Client\dist\out-tsc\src\app\app.component.js
D:\Pavan\PR\Read\Github\Angular-Mvc-Bundling-Minify-poc\BundlingMinify\BundlingMinify.Web\Client\dist\out-tsc\src\app\app.component.js.map
D:\Pavan\PR\Read\Github\Angular-Mvc-Bundling-Minify-poc\BundlingMinify\BundlingMinify.Web\Client\dist\out-tsc\src\app\app.module.js
D:\Pavan\PR\Read\Github\Angular-Mvc-Bundling-Minify-poc\BundlingMinify\BundlingMinify.Web\Client\dist\out-tsc\src\app\app.module.js.map
D:\Pavan\PR\Read\Github\Angular-Mvc-Bundling-Minify-poc\BundlingMinify\BundlingMinify.Web\Client\dist\out-tsc\src\environments\environment.js
D:\Pavan\PR\Read\Github\Angular-Mvc-Bundling-Minify-poc\BundlingMinify\BundlingMinify.Web\Client\dist\out-tsc\src\environments\environment.js.map
D:\Pavan\PR\Read\Github\Angular-Mvc-Bundling-Minify-poc\BundlingMinify\BundlingMinify.Web\Client\dist\out-tsc\src\main.js
D:\Pavan\PR\Read\Github\Angular-Mvc-Bundling-Minify-poc\BundlingMinify\BundlingMinify.Web\Client\dist\out-tsc\src\main.js.map
D:\Pavan\PR\Read\Github\Angular-Mvc-Bundling-Minify-poc\BundlingMinify\BundlingMinify.Web\Client\dist\out-tsc\src\polyfills.js
D:\Pavan\PR\Read\Github\Angular-Mvc-Bundling-Minify-poc\BundlingMinify\BundlingMinify.Web\Client\dist\out-tsc\src\polyfills.js.map
D:\Pavan\PR\Read\Github\Angular-Mvc-Bundling-Minify-poc\BundlingMinify\BundlingMinify.Web\Client\dist\out-tsc\src\test.js
D:\Pavan\PR\Read\Github\Angular-Mvc-Bundling-Minify-poc\BundlingMinify\BundlingMinify.Web\Client\dist\out-tsc\src\test.js.map
D:\Pavan\PR\Read\Github\Angular-Mvc-Bundling-Minify-poc\BundlingMinify\BundlingMinify.Web\Client\dist\out-tsc\src\app\app.component.spec.js
D:\Pavan\PR\Read\Github\Angular-Mvc-Bundling-Minify-poc\BundlingMinify\BundlingMinify.Web\Client\dist\out-tsc\src\app\app.component.spec.js.map
D:\Pavan\PR\Read\Github\Angular-Mvc-Bundling-Minify-poc\BundlingMinify\BundlingMinify.Web\Client\dist\out-tsc\src\environments\environment.prod.js
D:\Pavan\PR\Read\Github\Angular-Mvc-Bundling-Minify-poc\BundlingMinify\BundlingMinify.Web\Client\dist\out-tsc\src\environments\environment.prod.js.map
